<?xml version="1.0" encoding="UTF-8"?>
<testsuite xmlns:xsi="http://www.w3.org/2001/XMLSchema-instance" xsi:noNamespaceSchemaLocation="https://maven.apache.org/surefire/maven-surefire-plugin/xsd/surefire-test-report-3.0.xsd" version="3.0" name="com.insurance.premium.repository.CentCodesRepositoryTest" time="1.743" tests="3" errors="0" skipped="0" failures="0">
  <properties>
[...]
</properties>
  <testcase name="shouldFilterByDateKey" classname="com.insurance.premium.repository.CentCodesRepositoryTest" time="0.091">
    <system-out><![CDATA[19:54:47.787 [main] INFO org.springframework.test.context.support.AnnotationConfigContextLoaderUtils -- Could not detect default configuration classes for test class [com.insurance.premium.repository.CentCodesRepositoryTest]: CentCodesRepositoryTest does not declare any static, non-private, non-final, nested classes annotated with @Configuration.
19:54:47.851 [main] INFO org.springframework.boot.test.context.SpringBootTestContextBootstrapper -- Found @SpringBootConfiguration com.insurance.premium.PremiumRateApplication for test class com.insurance.premium.repository.CentCodesRepositoryTest

  .   ____          _            __ _ _
 /\\ / ___'_ __ _ _(_)_ __  __ _ \ \ \ \
( ( )\___ | '_ | '_| | '_ \/ _` | \ \ \ \
 \\/  ___)| |_)| | | | | || (_| |  ) ) ) )
  '  |____| .__|_| |_|_| |_\__, | / / / /
 =========|_|==============|___/=/_/_/_/
 :: Spring Boot ::                (v3.2.5)

2026-05-19T19:54:48.080Z  INFO 7874 --- [premium-rate-service] [           main] c.i.p.r.CentCodesRepositoryTest          : Starting CentCodesRepositoryTest using Java 17.0.13 with PID 7874 (started by ubuntu in /home/ubuntu/repos/NaturalADA-PoC/premium-rate-service)
2026-05-19T19:54:48.081Z  INFO 7874 --- [premium-rate-service] [           main] c.i.p.r.CentCodesRepositoryTest          : The following 1 profile is active: "test"
2026-05-19T19:54:48.261Z  INFO 7874 --- [premium-rate-service] [           main] .s.d.r.c.RepositoryConfigurationDelegate : Bootstrapping Spring Data JPA repositories in DEFAULT mode.
2026-05-19T19:54:48.292Z  INFO 7874 --- [premium-rate-service] [           main] .s.d.r.c.RepositoryConfigurationDelegate : Finished Spring Data repository scanning in 28 ms. Found 1 JPA repository interface.
2026-05-19T19:54:48.323Z  INFO 7874 --- [premium-rate-service] [           main] beddedDataSourceBeanFactoryPostProcessor : Replacing 'dataSource' DataSource bean with embedded version
2026-05-19T19:54:48.400Z  INFO 7874 --- [premium-rate-service] [           main] o.s.j.d.e.EmbeddedDatabaseFactory        : Starting embedded database: url='jdbc:h2:mem:b15d5aa9-2e2b-4255-bf85-72902a2a37ad;DB_CLOSE_DELAY=-1;DB_CLOSE_ON_EXIT=false', username='sa'
2026-05-19T19:54:48.543Z  INFO 7874 --- [premium-rate-service] [           main] o.hibernate.jpa.internal.util.LogHelper  : HHH000204: Processing PersistenceUnitInfo [name: default]
2026-05-19T19:54:48.569Z  INFO 7874 --- [premium-rate-service] [           main] org.hibernate.Version                    : HHH000412: Hibernate ORM core version 6.4.4.Final
2026-05-19T19:54:48.585Z  INFO 7874 --- [premium-rate-service] [           main] o.h.c.internal.RegionFactoryInitiator    : HHH000026: Second-level cache disabled
2026-05-19T19:54:48.631Z  INFO 7874 --- [premium-rate-service] [           main] o.s.o.j.p.SpringPersistenceUnitInfo      : No LoadTimeWeaver setup: ignoring JPA class transformer
2026-05-19T19:54:48.652Z  WARN 7874 --- [premium-rate-service] [           main] org.hibernate.dialect.Dialect            : HHH000511: The 2.2.0 version for [org.hibernate.dialect.PostgreSQLDialect] is no longer supported, hence certain features may not work properly. The minimum supported version is 12.0.0. Check the community dialects project for available legacy versions.
2026-05-19T19:54:48.655Z  WARN 7874 --- [premium-rate-service] [           main] org.hibernate.orm.deprecation            : HHH90000025: PostgreSQLDialect does not need to be specified explicitly using 'hibernate.dialect' (remove the property setting and it will be selected by default)
2026-05-19T19:54:48.964Z  INFO 7874 --- [premium-rate-service] [           main] o.h.e.t.j.p.i.JtaPlatformInitiator       : HHH000489: No JTA platform available (set 'hibernate.transaction.jta.platform' to enable JTA platform integration)
Hibernate: drop table if exists cent_codes cascade
Hibernate: create table cent_codes (date_key integer not null, premium integer not null, table_type smallint not null, tp_premium_1 integer, tp_premium_10 integer, tp_premium_2 integer, tp_premium_3 integer, tp_premium_4 integer, tp_premium_5 integer, tp_premium_6 integer, tp_premium_7 integer, tp_premium_8 integer, tp_premium_9 integer, created_at timestamp(6), id bigserial not null, inv_type varchar(8), updated_at timestamp(6), cov_grp_key varchar(16), cover_code_super varchar(16) not null, primary key (id))
2026-05-19T19:54:48.983Z  INFO 7874 --- [premium-rate-service] [           main] j.LocalContainerEntityManagerFactoryBean : Initialized JPA EntityManagerFactory for persistence unit 'default'
2026-05-19T19:54:49.110Z  INFO 7874 --- [premium-rate-service] [           main] o.s.d.j.r.query.QueryEnhancerFactory     : Hibernate is in classpath; If applicable, HQL parser will be used.
2026-05-19T19:54:49.329Z  INFO 7874 --- [premium-rate-service] [           main] c.i.p.r.CentCodesRepositoryTest          : Started CentCodesRepositoryTest in 1.446 seconds (process running for 2.616)
Hibernate: select ccr1_0.id,ccr1_0.cov_grp_key,ccr1_0.cover_code_super,ccr1_0.created_at,ccr1_0.date_key,ccr1_0.inv_type,ccr1_0.premium,ccr1_0.table_type,ccr1_0.tp_premium_1,ccr1_0.tp_premium_10,ccr1_0.tp_premium_2,ccr1_0.tp_premium_3,ccr1_0.tp_premium_4,ccr1_0.tp_premium_5,ccr1_0.tp_premium_6,ccr1_0.tp_premium_7,ccr1_0.tp_premium_8,ccr1_0.tp_premium_9,ccr1_0.updated_at from cent_codes ccr1_0
Hibernate: insert into cent_codes (cov_grp_key,cover_code_super,created_at,date_key,inv_type,premium,table_type,tp_premium_1,tp_premium_10,tp_premium_2,tp_premium_3,tp_premium_4,tp_premium_5,tp_premium_6,tp_premium_7,tp_premium_8,tp_premium_9,updated_at) values (?,?,?,?,?,?,?,?,?,?,?,?,?,?,?,?,?,?)
Hibernate: insert into cent_codes (cov_grp_key,cover_code_super,created_at,date_key,inv_type,premium,table_type,tp_premium_1,tp_premium_10,tp_premium_2,tp_premium_3,tp_premium_4,tp_premium_5,tp_premium_6,tp_premium_7,tp_premium_8,tp_premium_9,updated_at) values (?,?,?,?,?,?,?,?,?,?,?,?,?,?,?,?,?,?)
Hibernate: insert into cent_codes (cov_grp_key,cover_code_super,created_at,date_key,inv_type,premium,table_type,tp_premium_1,tp_premium_10,tp_premium_2,tp_premium_3,tp_premium_4,tp_premium_5,tp_premium_6,tp_premium_7,tp_premium_8,tp_premium_9,updated_at) values (?,?,?,?,?,?,?,?,?,?,?,?,?,?,?,?,?,?)
Hibernate: insert into cent_codes (cov_grp_key,cover_code_super,created_at,date_key,inv_type,premium,table_type,tp_premium_1,tp_premium_10,tp_premium_2,tp_premium_3,tp_premium_4,tp_premium_5,tp_premium_6,tp_premium_7,tp_premium_8,tp_premium_9,updated_at) values (?,?,?,?,?,?,?,?,?,?,?,?,?,?,?,?,?,?)
Hibernate: select ccr1_0.id,ccr1_0.cov_grp_key,ccr1_0.cover_code_super,ccr1_0.created_at,ccr1_0.date_key,ccr1_0.inv_type,ccr1_0.premium,ccr1_0.table_type,ccr1_0.tp_premium_1,ccr1_0.tp_premium_10,ccr1_0.tp_premium_2,ccr1_0.tp_premium_3,ccr1_0.tp_premium_4,ccr1_0.tp_premium_5,ccr1_0.tp_premium_6,ccr1_0.tp_premium_7,ccr1_0.tp_premium_8,ccr1_0.tp_premium_9,ccr1_0.updated_at from cent_codes ccr1_0 where ccr1_0.cover_code_super like ? escape '' and ccr1_0.table_type=? and ccr1_0.date_key=? order by ccr1_0.cover_code_super
]]></system-out>
  </testcase>
  <testcase name="shouldFilterByTableType" classname="com.insurance.premium.repository.CentCodesRepositoryTest" time="0.009">
    <system-out><![CDATA[Hibernate: select ccr1_0.id,ccr1_0.cov_grp_key,ccr1_0.cover_code_super,ccr1_0.created_at,ccr1_0.date_key,ccr1_0.inv_type,ccr1_0.premium,ccr1_0.table_type,ccr1_0.tp_premium_1,ccr1_0.tp_premium_10,ccr1_0.tp_premium_2,ccr1_0.tp_premium_3,ccr1_0.tp_premium_4,ccr1_0.tp_premium_5,ccr1_0.tp_premium_6,ccr1_0.tp_premium_7,ccr1_0.tp_premium_8,ccr1_0.tp_premium_9,ccr1_0.updated_at from cent_codes ccr1_0
Hibernate: insert into cent_codes (cov_grp_key,cover_code_super,created_at,date_key,inv_type,premium,table_type,tp_premium_1,tp_premium_10,tp_premium_2,tp_premium_3,tp_premium_4,tp_premium_5,tp_premium_6,tp_premium_7,tp_premium_8,tp_premium_9,updated_at) values (?,?,?,?,?,?,?,?,?,?,?,?,?,?,?,?,?,?)
Hibernate: insert into cent_codes (cov_grp_key,cover_code_super,created_at,date_key,inv_type,premium,table_type,tp_premium_1,tp_premium_10,tp_premium_2,tp_premium_3,tp_premium_4,tp_premium_5,tp_premium_6,tp_premium_7,tp_premium_8,tp_premium_9,updated_at) values (?,?,?,?,?,?,?,?,?,?,?,?,?,?,?,?,?,?)
Hibernate: insert into cent_codes (cov_grp_key,cover_code_super,created_at,date_key,inv_type,premium,table_type,tp_premium_1,tp_premium_10,tp_premium_2,tp_premium_3,tp_premium_4,tp_premium_5,tp_premium_6,tp_premium_7,tp_premium_8,tp_premium_9,updated_at) values (?,?,?,?,?,?,?,?,?,?,?,?,?,?,?,?,?,?)
Hibernate: insert into cent_codes (cov_grp_key,cover_code_super,created_at,date_key,inv_type,premium,table_type,tp_premium_1,tp_premium_10,tp_premium_2,tp_premium_3,tp_premium_4,tp_premium_5,tp_premium_6,tp_premium_7,tp_premium_8,tp_premium_9,updated_at) values (?,?,?,?,?,?,?,?,?,?,?,?,?,?,?,?,?,?)
Hibernate: select ccr1_0.id,ccr1_0.cov_grp_key,ccr1_0.cover_code_super,ccr1_0.created_at,ccr1_0.date_key,ccr1_0.inv_type,ccr1_0.premium,ccr1_0.table_type,ccr1_0.tp_premium_1,ccr1_0.tp_premium_10,ccr1_0.tp_premium_2,ccr1_0.tp_premium_3,ccr1_0.tp_premium_4,ccr1_0.tp_premium_5,ccr1_0.tp_premium_6,ccr1_0.tp_premium_7,ccr1_0.tp_premium_8,ccr1_0.tp_premium_9,ccr1_0.updated_at from cent_codes ccr1_0 where ccr1_0.cover_code_super like ? escape '' and ccr1_0.table_type=? order by ccr1_0.cover_code_super
]]></system-out>
  </testcase>
  <testcase name="shouldOrderByCoverCodeSuper" classname="com.insurance.premium.repository.CentCodesRepositoryTest" time="0.007">
    <system-out><![CDATA[Hibernate: select ccr1_0.id,ccr1_0.cov_grp_key,ccr1_0.cover_code_super,ccr1_0.created_at,ccr1_0.date_key,ccr1_0.inv_type,ccr1_0.premium,ccr1_0.table_type,ccr1_0.tp_premium_1,ccr1_0.tp_premium_10,ccr1_0.tp_premium_2,ccr1_0.tp_premium_3,ccr1_0.tp_premium_4,ccr1_0.tp_premium_5,ccr1_0.tp_premium_6,ccr1_0.tp_premium_7,ccr1_0.tp_premium_8,ccr1_0.tp_premium_9,ccr1_0.updated_at from cent_codes ccr1_0
Hibernate: insert into cent_codes (cov_grp_key,cover_code_super,created_at,date_key,inv_type,premium,table_type,tp_premium_1,tp_premium_10,tp_premium_2,tp_premium_3,tp_premium_4,tp_premium_5,tp_premium_6,tp_premium_7,tp_premium_8,tp_premium_9,updated_at) values (?,?,?,?,?,?,?,?,?,?,?,?,?,?,?,?,?,?)
Hibernate: insert into cent_codes (cov_grp_key,cover_code_super,created_at,date_key,inv_type,premium,table_type,tp_premium_1,tp_premium_10,tp_premium_2,tp_premium_3,tp_premium_4,tp_premium_5,tp_premium_6,tp_premium_7,tp_premium_8,tp_premium_9,updated_at) values (?,?,?,?,?,?,?,?,?,?,?,?,?,?,?,?,?,?)
Hibernate: insert into cent_codes (cov_grp_key,cover_code_super,created_at,date_key,inv_type,premium,table_type,tp_premium_1,tp_premium_10,tp_premium_2,tp_premium_3,tp_premium_4,tp_premium_5,tp_premium_6,tp_premium_7,tp_premium_8,tp_premium_9,updated_at) values (?,?,?,?,?,?,?,?,?,?,?,?,?,?,?,?,?,?)
Hibernate: insert into cent_codes (cov_grp_key,cover_code_super,created_at,date_key,inv_type,premium,table_type,tp_premium_1,tp_premium_10,tp_premium_2,tp_premium_3,tp_premium_4,tp_premium_5,tp_premium_6,tp_premium_7,tp_premium_8,tp_premium_9,updated_at) values (?,?,?,?,?,?,?,?,?,?,?,?,?,?,?,?,?,?)
Hibernate: select ccr1_0.id,ccr1_0.cov_grp_key,ccr1_0.cover_code_super,ccr1_0.created_at,ccr1_0.date_key,ccr1_0.inv_type,ccr1_0.premium,ccr1_0.table_type,ccr1_0.tp_premium_1,ccr1_0.tp_premium_10,ccr1_0.tp_premium_2,ccr1_0.tp_premium_3,ccr1_0.tp_premium_4,ccr1_0.tp_premium_5,ccr1_0.tp_premium_6,ccr1_0.tp_premium_7,ccr1_0.tp_premium_8,ccr1_0.tp_premium_9,ccr1_0.updated_at from cent_codes ccr1_0 where ccr1_0.cover_code_super like ? escape '' and ccr1_0.table_type=? order by ccr1_0.cover_code_super
]]></system-out>
  </testcase>
</testsuite>